<?xml version="1.0" encoding="UTF-8"?>
<testsuite xmlns:xsi="http://www.w3.org/2001/XMLSchema-instance" xsi:noNamespaceSchemaLocation="https://maven.apache.org/surefire/maven-surefire-plugin/xsd/surefire-test-report.xsd" name="com.linxb.railroad.center.EnvironmentTest" time="0.2" tests="36" errors="0" skipped="0" failures="0">
  <properties>
    <property name="sun.desktop" value="windows"/>
    <property name="awt.toolkit" value="sun.awt.windows.WToolkit"/>
    <property name="file.encoding.pkg" value="sun.io"/>
    <property name="java.specification.version" value="1.8"/>
    <property name="sun.cpu.isalist" value="amd64"/>
    <property name="sun.jnu.encoding" value="GBK"/>
    <property name="java.class.path" value="D:\workspace\gitee\RailroadCenter\core\target\test-classes;D:\workspace\gitee\RailroadCenter\core\target\classes;C:\Users\solstice\.m2\repository\junit\junit\4.11\junit-4.11.jar;C:\Users\solstice\.m2\repository\org\hamcrest\hamcrest-core\1.3\hamcrest-core-1.3.jar;"/>
    <property name="java.vm.vendor" value="Oracle Corporation"/>
    <property name="sun.arch.data.model" value="64"/>
    <property name="user.variant" value=""/>
    <property name="java.vendor.url" value="http://java.oracle.com/"/>
    <property name="user.timezone" value="Asia/Shanghai"/>
    <property name="java.vm.specification.version" value="1.8"/>
    <property name="os.name" value="Windows 10"/>
    <property name="user.country" value="US"/>
    <property name="sun.java.launcher" value="SUN_STANDARD"/>
    <property name="sun.boot.library.path" value="F:\jdk\jre\bin"/>
    <property name="sun.java.command" value="C:\Users\solstice\AppData\Local\Temp\surefire8882227195534625749\surefirebooter1209168343138310916.jar C:\Users\solstice\AppData\Local\Temp\surefire8882227195534625749 2019-03-11T23-57-58_849-jvmRun1 surefire5811954152737576926tmp surefire_01316068922737576567tmp"/>
    <property name="surefire.test.class.path" value="D:\workspace\gitee\RailroadCenter\core\target\test-classes;D:\workspace\gitee\RailroadCenter\core\target\classes;C:\Users\solstice\.m2\repository\junit\junit\4.11\junit-4.11.jar;C:\Users\solstice\.m2\repository\org\hamcrest\hamcrest-core\1.3\hamcrest-core-1.3.jar;"/>
    <property name="sun.cpu.endian" value="little"/>
    <property name="user.home" value="C:\Users\solstice"/>
    <property name="user.language" value="en"/>
    <property name="java.specification.vendor" value="Oracle Corporation"/>
    <property name="java.home" value="F:\jdk\jre"/>
    <property name="basedir" value="D:\workspace\gitee\RailroadCenter\core"/>
    <property name="file.separator" value="\"/>
    <property name="line.separator" value="&#10;"/>
    <property name="java.vm.specification.vendor" value="Oracle Corporation"/>
    <property name="java.specification.name" value="Java Platform API Specification"/>
    <property name="java.awt.graphicsenv" value="sun.awt.Win32GraphicsEnvironment"/>
    <property name="surefire.real.class.path" value="C:\Users\solstice\AppData\Local\Temp\surefire8882227195534625749\surefirebooter1209168343138310916.jar"/>
    <property name="sun.boot.class.path" value="F:\jdk\jre\lib\resources.jar;F:\jdk\jre\lib\rt.jar;F:\jdk\jre\lib\sunrsasign.jar;F:\jdk\jre\lib\jsse.jar;F:\jdk\jre\lib\jce.jar;F:\jdk\jre\lib\charsets.jar;F:\jdk\jre\lib\jfr.jar;F:\jdk\jre\classes"/>
    <property name="user.script" value=""/>
    <property name="sun.management.compiler" value="HotSpot 64-Bit Tiered Compilers"/>
    <property name="java.runtime.version" value="1.8.0_102-b14"/>
    <property name="user.name" value="solstice"/>
    <property name="path.separator" value=";"/>
    <property name="os.version" value="10.0"/>
    <property name="java.endorsed.dirs" value="F:\jdk\jre\lib\endorsed"/>
    <property name="java.runtime.name" value="Java(TM) SE Runtime Environment"/>
    <property name="file.encoding" value="GBK"/>
    <property name="java.vm.name" value="Java HotSpot(TM) 64-Bit Server VM"/>
    <property name="localRepository" value="C:\Users\solstice\.m2\repository"/>
    <property name="java.vendor.url.bug" value="http://bugreport.sun.com/bugreport/"/>
    <property name="java.io.tmpdir" value="C:\Users\solstice\AppData\Local\Temp\"/>
    <property name="idea.version" value="2018.2.6"/>
    <property name="java.version" value="1.8.0_102"/>
    <property name="user.dir" value="D:\workspace\gitee\RailroadCenter\core"/>
    <property name="os.arch" value="amd64"/>
    <property name="java.vm.specification.name" value="Java Virtual Machine Specification"/>
    <property name="java.awt.printerjob" value="sun.awt.windows.WPrinterJob"/>
    <property name="sun.os.patch.level" value=""/>
    <property name="java.library.path" value="F:\jdk\jre\bin;C:\WINDOWS\Sun\Java\bin;C:\WINDOWS\system32;C:\WINDOWS;C:\WINDOWS\system32;C:\WINDOWS;C:\WINDOWS\System32\Wbem;C:\WINDOWS\System32\WindowsPowerShell\v1.0\;C:\Program Files (x86)\AMD\ATI.ACE\Core-Static;F:\jdk\bin;F:\jdk\jre\bin;F:\python\python-3.6.4-embed-amd64;F:\mysql\mysql-5.7.22-winx64\bin;C:\WINDOWS\System32\OpenSSH\;F:\tomcat\apache-maven-3.3.9\bin;F:\Git\bin;C:\Users\solstice\AppData\Local\Microsoft\WindowsApps;F:\OpenVPN\bin;."/>
    <property name="java.vm.info" value="mixed mode"/>
    <property name="java.vendor" value="Oracle Corporation"/>
    <property name="java.vm.version" value="25.102-b14"/>
    <property name="java.ext.dirs" value="F:\jdk\jre\lib\ext;C:\WINDOWS\Sun\Java\lib\ext"/>
    <property name="sun.io.unicode.encoding" value="UnicodeLittle"/>
    <property name="java.class.version" value="52.0"/>
  </properties>
  <testcase name="testGetShortestDistance2AllNodes1" classname="com.linxb.railroad.center.EnvironmentTest" time="0"/>
  <testcase name="testGetShortestDistance2AllNodes2" classname="com.linxb.railroad.center.EnvironmentTest" time="0.002"/>
  <testcase name="testGetShortestDistance2AllNodes3" classname="com.linxb.railroad.center.EnvironmentTest" time="0.037"/>
  <testcase name="testEnvironmentInit1" classname="com.linxb.railroad.center.EnvironmentTest" time="0"/>
  <testcase name="testEnvironmentInit2" classname="com.linxb.railroad.center.EnvironmentTest" time="0.021"/>
  <testcase name="testEnvironmentInit3" classname="com.linxb.railroad.center.EnvironmentTest" time="0.001"/>
  <testcase name="testEnvironmentInit4" classname="com.linxb.railroad.center.EnvironmentTest" time="0.005"/>
  <testcase name="testEnvironmentInit5" classname="com.linxb.railroad.center.EnvironmentTest" time="0"/>
  <testcase name="testEnvironmentInit6" classname="com.linxb.railroad.center.EnvironmentTest" time="0"/>
  <testcase name="testGetDistances1" classname="com.linxb.railroad.center.EnvironmentTest" time="0.001"/>
  <testcase name="testGetDistances2" classname="com.linxb.railroad.center.EnvironmentTest" time="0.001"/>
  <testcase name="testGetDistances3" classname="com.linxb.railroad.center.EnvironmentTest" time="0.007"/>
  <testcase name="testGetRepeatableRoutesWithoutSteps1" classname="com.linxb.railroad.center.EnvironmentTest" time="0"/>
  <testcase name="testGetRepeatableRoutesWithoutSteps2" classname="com.linxb.railroad.center.EnvironmentTest" time="0.002"/>
  <testcase name="testGetRepeatableRoutesWithoutSteps3" classname="com.linxb.railroad.center.EnvironmentTest" time="0.006"/>
  <testcase name="testGetRepeatableRoutesWithoutSteps4" classname="com.linxb.railroad.center.EnvironmentTest" time="0.01"/>
  <testcase name="getRepeatableRoutesWithinDistance1" classname="com.linxb.railroad.center.EnvironmentTest" time="0.004"/>
  <testcase name="getRepeatableRoutesWithinDistance2" classname="com.linxb.railroad.center.EnvironmentTest" time="0.003"/>
  <testcase name="getRepeatableRoutesWithinDistance3" classname="com.linxb.railroad.center.EnvironmentTest" time="0.003"/>
  <testcase name="testGetSpecialRoutDistance1" classname="com.linxb.railroad.center.EnvironmentTest" time="0.002"/>
  <testcase name="testGetSpecialRoutDistance2" classname="com.linxb.railroad.center.EnvironmentTest" time="0.006"/>
  <testcase name="testGetSpecialRoutDistance3" classname="com.linxb.railroad.center.EnvironmentTest" time="0.004"/>
  <testcase name="testGetSpecialRoutDistance4" classname="com.linxb.railroad.center.EnvironmentTest" time="0.002"/>
  <testcase name="testGetSpecialRoutDistance5" classname="com.linxb.railroad.center.EnvironmentTest" time="0.037"/>
  <testcase name="testGetSpecialRoutDistance6" classname="com.linxb.railroad.center.EnvironmentTest" time="0"/>
  <testcase name="testGetSpecialRoutDistance7" classname="com.linxb.railroad.center.EnvironmentTest" time="0.001"/>
  <testcase name="testGetSpecialRoutDistance8" classname="com.linxb.railroad.center.EnvironmentTest" time="0.006"/>
  <testcase name="testGetSpecialRoutDistance9" classname="com.linxb.railroad.center.EnvironmentTest" time="0"/>
  <testcase name="testGetSpecialRoutDistanceWithinSteps1" classname="com.linxb.railroad.center.EnvironmentTest" time="0.004"/>
  <testcase name="testGetSpecialRoutDistanceWithinSteps2" classname="com.linxb.railroad.center.EnvironmentTest" time="0.003"/>
  <testcase name="testGetSpecialRoutDistanceWithinSteps3" classname="com.linxb.railroad.center.EnvironmentTest" time="0.004"/>
  <testcase name="testGetSpecialRoutDistanceWithinSteps4" classname="com.linxb.railroad.center.EnvironmentTest" time="0.005"/>
  <testcase name="testGetSpecialRoutDistance10" classname="com.linxb.railroad.center.EnvironmentTest" time="0.003"/>
  <testcase name="testGetSpecialRoutDistance11" classname="com.linxb.railroad.center.EnvironmentTest" time="0.003"/>
  <testcase name="testGetSpecialRoutDistance12" classname="com.linxb.railroad.center.EnvironmentTest" time="0.002"/>
  <testcase name="testGetSpecialRoutDistance13" classname="com.linxb.railroad.center.EnvironmentTest" time="0.004"/>
</testsuite>